# JRE version: OpenJDK Runtime Environment (8.0_242-b01) (build 1.8.0_242-release-1644-b01)
# Java VM: OpenJDK 64-Bit Server VM (25.242-b01 mixed mode windows-amd64 compressed oops)
Heap:
 PSYoungGen      total 282624K, used 192367K [0x00000000d5580000, 0x00000000e9e80000, 0x0000000100000000)
  eden space 248832K, 68% used [0x00000000d5580000,0x00000000dfb025b0,0x00000000e4880000)
  from space 33792K, 67% used [0x00000000e4880000,0x00000000e5ed97a8,0x00000000e6980000)
  to   space 34304K, 0% used [0x00000000e7d00000,0x00000000e7d00000,0x00000000e9e80000)
 ParOldGen       total 197120K, used 103511K [0x0000000080000000, 0x000000008c080000, 0x00000000d5580000)
  object space 197120K, 52% used [0x0000000080000000,0x0000000086515f48,0x000000008c080000)
 Metaspace       used 106985K, capacity 112112K, committed 112716K, reserved 1146880K
  class space    used 13776K, capacity 14756K, committed 14976K, reserved 1048576K
GC Heap History (10 events):
Event: 7602.363 GC heap before
{Heap before GC invocations=42 (full 5):
 PSYoungGen      total 255488K, used 234984K [0x00000000d5580000, 0x00000000e7700000, 0x0000000100000000)
  eden space 219648K, 100% used [0x00000000d5580000,0x00000000e2c00000,0x00000000e2c00000)
  from space 35840K, 42% used [0x00000000e5400000,0x00000000e62fa318,0x00000000e7700000)
  to   space 38400K, 0% used [0x00000000e2c00000,0x00000000e2c00000,0x00000000e5180000)
 ParOldGen       total 197120K, used 92759K [0x0000000080000000, 0x000000008c080000, 0x00000000d5580000)
  object space 197120K, 47% used [0x0000000080000000,0x0000000085a95fd0,0x000000008c080000)
 Metaspace       used 105904K, capacity 110782K, committed 111948K, reserved 1146880K
  class space    used 13652K, capacity 14575K, committed 14976K, reserved 1048576K
Event: 7606.120 GC heap after
Heap after GC invocations=42 (full 5):
 PSYoungGen      total 258048K, used 18945K [0x00000000d5580000, 0x00000000e7700000, 0x0000000100000000)
  eden space 219648K, 0% used [0x00000000d5580000,0x00000000d5580000,0x00000000e2c00000)
  from space 38400K, 49% used [0x00000000e2c00000,0x00000000e3e807f0,0x00000000e5180000)
  to   space 35840K, 0% used [0x00000000e5400000,0x00000000e5400000,0x00000000e7700000)
 ParOldGen       total 197120K, used 92759K [0x0000000080000000, 0x000000008c080000, 0x00000000d5580000)
  object space 197120K, 47% used [0x0000000080000000,0x0000000085a95fd0,0x000000008c080000)
 Metaspace       used 105904K, capacity 110782K, committed 111948K, reserved 1146880K
  class space    used 13652K, capacity 14575K, committed 14976K, reserved 1048576K
}
Event: 7612.757 GC heap before
{Heap before GC invocations=43 (full 5):
 PSYoungGen      total 258048K, used 238593K [0x00000000d5580000, 0x00000000e7700000, 0x0000000100000000)
  eden space 219648K, 100% used [0x00000000d5580000,0x00000000e2c00000,0x00000000e2c00000)
  from space 38400K, 49% used [0x00000000e2c00000,0x00000000e3e807f0,0x00000000e5180000)
  to   space 35840K, 0% used [0x00000000e5400000,0x00000000e5400000,0x00000000e7700000)
 ParOldGen       total 197120K, used 92759K [0x0000000080000000, 0x000000008c080000, 0x00000000d5580000)
  object space 197120K, 47% used [0x0000000080000000,0x0000000085a95fd0,0x000000008c080000)
 Metaspace       used 105984K, capacity 110834K, committed 111948K, reserved 1146880K
  class space    used 13667K, capacity 14617K, committed 14976K, reserved 1048576K
Event: 7612.784 GC heap after
Heap after GC invocations=43 (full 5):
 PSYoungGen      total 260608K, used 14217K [0x00000000d5580000, 0x00000000e8e80000, 0x0000000100000000)
  eden space 224768K, 0% used [0x00000000d5580000,0x00000000d5580000,0x00000000e3100000)
  from space 35840K, 39% used [0x00000000e5400000,0x00000000e61e25b0,0x00000000e7700000)
  to   space 35840K, 0% used [0x00000000e3100000,0x00000000e3100000,0x00000000e5400000)
 ParOldGen       total 197120K, used 100375K [0x0000000080000000, 0x000000008c080000, 0x00000000d5580000)
  object space 197120K, 50% used [0x0000000080000000,0x0000000086205ee8,0x000000008c080000)
 Metaspace       used 105984K, capacity 110834K, committed 111948K, reserved 1146880K
  class space    used 13667K, capacity 14617K, committed 14976K, reserved 1048576K
}
Event: 7623.908 GC heap before
{Heap before GC invocations=44 (full 5):
 PSYoungGen      total 260608K, used 238985K [0x00000000d5580000, 0x00000000e8e80000, 0x0000000100000000)
  eden space 224768K, 100% used [0x00000000d5580000,0x00000000e3100000,0x00000000e3100000)
  from space 35840K, 39% used [0x00000000e5400000,0x00000000e61e25b0,0x00000000e7700000)
  to   space 35840K, 0% used [0x00000000e3100000,0x00000000e3100000,0x00000000e5400000)
 ParOldGen       total 197120K, used 100375K [0x0000000080000000, 0x000000008c080000, 0x00000000d5580000)
  object space 197120K, 50% used [0x0000000080000000,0x0000000086205ee8,0x000000008c080000)
 Metaspace       used 106266K, capacity 111198K, committed 112204K, reserved 1146880K
  class space    used 13686K, capacity 14631K, committed 14976K, reserved 1048576K
Event: 7624.113 GC heap after
Heap after GC invocations=44 (full 5):
 PSYoungGen      total 260608K, used 16414K [0x00000000d5580000, 0x00000000e8d80000, 0x0000000100000000)
  eden space 224768K, 0% used [0x00000000d5580000,0x00000000d5580000,0x00000000e3100000)
  from space 35840K, 45% used [0x00000000e3100000,0x00000000e4107b38,0x00000000e5400000)
  to   space 34304K, 0% used [0x00000000e6c00000,0x00000000e6c00000,0x00000000e8d80000)
 ParOldGen       total 197120K, used 103503K [0x0000000080000000, 0x000000008c080000, 0x00000000d5580000)
  object space 197120K, 52% used [0x0000000080000000,0x0000000086513f48,0x000000008c080000)
 Metaspace       used 106266K, capacity 111198K, committed 112204K, reserved 1146880K
  class space    used 13686K, capacity 14631K, committed 14976K, reserved 1048576K
}
Event: 7626.175 GC heap before
{Heap before GC invocations=45 (full 5):
 PSYoungGen      total 260608K, used 241182K [0x00000000d5580000, 0x00000000e8d80000, 0x0000000100000000)
  eden space 224768K, 100% used [0x00000000d5580000,0x00000000e3100000,0x00000000e3100000)
  from space 35840K, 45% used [0x00000000e3100000,0x00000000e4107b38,0x00000000e5400000)
  to   space 34304K, 0% used [0x00000000e6c00000,0x00000000e6c00000,0x00000000e8d80000)
 ParOldGen       total 197120K, used 103503K [0x0000000080000000, 0x000000008c080000, 0x00000000d5580000)
  object space 197120K, 52% used [0x0000000080000000,0x0000000086513f48,0x000000008c080000)
 Metaspace       used 106298K, capacity 111206K, committed 112204K, reserved 1146880K
  class space    used 13688K, capacity 14633K, committed 14976K, reserved 1048576K
Event: 7626.254 GC heap after
Heap after GC invocations=45 (full 5):
 PSYoungGen      total 280064K, used 18797K [0x00000000d5580000, 0x00000000e8a80000, 0x0000000100000000)
  eden space 248832K, 0% used [0x00000000d5580000,0x00000000d5580000,0x00000000e4880000)
  from space 31232K, 60% used [0x00000000e6c00000,0x00000000e7e5b4e0,0x00000000e8a80000)
  to   space 33792K, 0% used [0x00000000e4880000,0x00000000e4880000,0x00000000e6980000)
 ParOldGen       total 197120K, used 103511K [0x0000000080000000, 0x000000008c080000, 0x00000000d5580000)
  object space 197120K, 52% used [0x0000000080000000,0x0000000086515f48,0x000000008c080000)
 Metaspace       used 106298K, capacity 111206K, committed 112204K, reserved 1146880K
  class space    used 13688K, capacity 14633K, committed 14976K, reserved 1048576K
}
Event: 7632.675 GC heap before
{Heap before GC invocations=46 (full 5):
 PSYoungGen      total 280064K, used 267629K [0x00000000d5580000, 0x00000000e8a80000, 0x0000000100000000)
  eden space 248832K, 100% used [0x00000000d5580000,0x00000000e4880000,0x00000000e4880000)
  from space 31232K, 60% used [0x00000000e6c00000,0x00000000e7e5b4e0,0x00000000e8a80000)
  to   space 33792K, 0% used [0x00000000e4880000,0x00000000e4880000,0x00000000e6980000)
 ParOldGen       total 197120K, used 103511K [0x0000000080000000, 0x000000008c080000, 0x00000000d5580000)
  object space 197120K, 52% used [0x0000000080000000,0x0000000086515f48,0x000000008c080000)
 Metaspace       used 106359K, capacity 111270K, committed 112204K, reserved 1146880K
  class space    used 13695K, capacity 14633K, committed 14976K, reserved 1048576K
Event: 7632.702 GC heap after
Heap after GC invocations=46 (full 5):
 PSYoungGen      total 282624K, used 22885K [0x00000000d5580000, 0x00000000e9e80000, 0x0000000100000000)
  eden space 248832K, 0% used [0x00000000d5580000,0x00000000d5580000,0x00000000e4880000)
  from space 33792K, 67% used [0x00000000e4880000,0x00000000e5ed97a8,0x00000000e6980000)
  to   space 34304K, 0% used [0x00000000e7d00000,0x00000000e7d00000,0x00000000e9e80000)
 ParOldGen       total 197120K, used 103511K [0x0000000080000000, 0x000000008c080000, 0x00000000d5580000)
  object space 197120K, 52% used [0x0000000080000000,0x0000000086515f48,0x000000008c080000)
 Metaspace       used 106359K, capacity 111270K, committed 112204K, reserved 1146880K
  class space    used 13695K, capacity 14633K, committed 14976K, reserved 1048576K
}

